wallet/build/outputs/logs/manifest-merger-release-report.txt
-- Merging decision tree log ---
manifest
ADDED from src/main/AndroidManifest.xml:2:1-204:12
	package
		ADDED from src/main/AndroidManifest.xml:3:5-36
		INJECTED from src/main/AndroidManifest.xml
		INJECTED from src/main/AndroidManifest.xml
	android:versionName
		INJECTED from src/main/AndroidManifest.xml
		INJECTED from src/main/AndroidManifest.xml
	xmlns:tools
		ADDED from src/main/AndroidManifest.xml:4:5-51
	xmlns:android
		ADDED from src/main/AndroidManifest.xml:2:11-69
	android:versionCode
		INJECTED from src/main/AndroidManifest.xml
		INJECTED from src/main/AndroidManifest.xml
uses-permission#android.permission.INTERNET
ADDED from src/main/AndroidManifest.xml:5:5-67
	android:name
		ADDED from src/main/AndroidManifest.xml:5:22-64
uses-permission#android.permission.ACCESS_WIFI_STATE
ADDED from src/main/AndroidManifest.xml:6:5-76
	android:name
		ADDED from src/main/AndroidManifest.xml:6:22-73
uses-permission#android.permission.WRITE_EXTERNAL_STORAGE
ADDED from src/main/AndroidManifest.xml:7:5-81
	android:name
		ADDED from src/main/AndroidManifest.xml:7:22-78
uses-permission#android.permission.READ_EXTERNAL_STORAGE
ADDED from src/main/AndroidManifest.xml:8:5-80
	android:name
		ADDED from src/main/AndroidManifest.xml:8:22-77
uses-permission#android.permission.NFC
ADDED from src/main/AndroidManifest.xml:9:5-62
	android:name
		ADDED from src/main/AndroidManifest.xml:9:22-59
uses-permission#android.permission.CAMERA
ADDED from src/main/AndroidManifest.xml:10:5-65
	android:name
		ADDED from src/main/AndroidManifest.xml:10:22-62
uses-permission#android.permission.VIBRATE
ADDED from src/main/AndroidManifest.xml:11:5-66
	android:name
		ADDED from src/main/AndroidManifest.xml:11:22-63
uses-permission#android.permission.WAKE_LOCK
ADDED from src/main/AndroidManifest.xml:12:5-68
	android:name
		ADDED from src/main/AndroidManifest.xml:12:22-65
uses-permission#android.permission.RECEIVE_BOOT_COMPLETED
ADDED from src/main/AndroidManifest.xml:13:5-81
	android:name
		ADDED from src/main/AndroidManifest.xml:13:22-78
uses-permission#android.permission.BLUETOOTH
ADDED from src/main/AndroidManifest.xml:14:5-68
	android:name
		ADDED from src/main/AndroidManifest.xml:14:22-65
uses-permission#android.permission.ACCESS_NETWORK_STATE
ADDED from src/main/AndroidManifest.xml:15:5-79
	android:name
		ADDED from src/main/AndroidManifest.xml:15:22-76
uses-feature#android.hardware.touchscreen
ADDED from src/main/AndroidManifest.xml:16:5-90
	android:required
		ADDED from src/main/AndroidManifest.xml:16:63-87
	android:name
		ADDED from src/main/AndroidManifest.xml:16:19-62
uses-feature#android.hardware.nfc
ADDED from src/main/AndroidManifest.xml:17:5-82
	android:required
		ADDED from src/main/AndroidManifest.xml:17:55-79
	android:name
		ADDED from src/main/AndroidManifest.xml:17:19-54
uses-feature#android.hardware.camera
ADDED from src/main/AndroidManifest.xml:18:5-85
	android:required
		ADDED from src/main/AndroidManifest.xml:18:58-82
	android:name
		ADDED from src/main/AndroidManifest.xml:18:19-57
uses-feature#android.hardware.camera.front
ADDED from src/main/AndroidManifest.xml:19:5-91
	android:required
		ADDED from src/main/AndroidManifest.xml:19:64-88
	android:name
		ADDED from src/main/AndroidManifest.xml:19:19-63
uses-feature#android.hardware.camera.autofocus
ADDED from src/main/AndroidManifest.xml:20:5-95
	android:required
		ADDED from src/main/AndroidManifest.xml:20:68-92
	android:name
		ADDED from src/main/AndroidManifest.xml:20:19-67
uses-feature#android.hardware.camera.flash
ADDED from src/main/AndroidManifest.xml:21:5-91
	android:required
		ADDED from src/main/AndroidManifest.xml:21:64-88
	android:name
		ADDED from src/main/AndroidManifest.xml:21:19-63
uses-feature#android.hardware.screen.landscape
ADDED from src/main/AndroidManifest.xml:22:5-95
	android:required
		ADDED from src/main/AndroidManifest.xml:22:68-92
	android:name
		ADDED from src/main/AndroidManifest.xml:22:19-67
uses-feature#android.hardware.bluetooth
ADDED from src/main/AndroidManifest.xml:23:5-88
	android:required
		ADDED from src/main/AndroidManifest.xml:23:61-85
	android:name
		ADDED from src/main/AndroidManifest.xml:23:19-60
supports-screens
ADDED from src/main/AndroidManifest.xml:25:5-30:40
	android:largeScreens
		ADDED from src/main/AndroidManifest.xml:29:9-36
	android:smallScreens
		ADDED from src/main/AndroidManifest.xml:27:9-36
	android:normalScreens
		ADDED from src/main/AndroidManifest.xml:28:9-37
	android:xlargeScreens
		ADDED from src/main/AndroidManifest.xml:30:9-37
	android:anyDensity
		ADDED from src/main/AndroidManifest.xml:26:9-34
application
ADDED from src/main/AndroidManifest.xml:31:5-203:19
MERGED from [com.android.support:gridlayout-v7:25.3.0] AndroidManifest.xml:26:5-20
MERGED from [com.android.support:design:25.3.0] AndroidManifest.xml:29:5-20
MERGED from [com.android.support:transition:25.3.0] AndroidManifest.xml:26:5-20
MERGED from [com.github.medyo:fancybuttons:1.8.4] AndroidManifest.xml:11:5-20
MERGED from [ch.acra:acra:4.8.5] AndroidManifest.xml:39:5-43:19
MERGED from [com.baoyz.pullrefreshlayout:library:1.2.0] AndroidManifest.xml:11:5-12:19
MERGED from [com.tuyenmonkey:mkloader:1.2.0] AndroidManifest.xml:11:5-15:19
MERGED from [com.android.support:appcompat-v7:25.3.0] AndroidManifest.xml:29:5-20
MERGED from [com.android.support:support-v4:25.3.0] AndroidManifest.xml:29:5-20
MERGED from [com.android.support:support-fragment:25.3.0] AndroidManifest.xml:29:5-20
MERGED from [com.android.support:support-media-compat:25.3.0] AndroidManifest.xml:29:5-20
MERGED from [com.android.support:support-core-ui:25.3.0] AndroidManifest.xml:29:5-20
MERGED from [com.android.support:support-core-utils:25.3.0] AndroidManifest.xml:29:5-20
MERGED from [com.android.support:animated-vector-drawable:25.3.0] AndroidManifest.xml:26:5-20
MERGED from [com.android.support:support-vector-drawable:25.3.0] AndroidManifest.xml:26:5-20
MERGED from [com.android.support:support-compat:25.3.0] AndroidManifest.xml:29:5-20
	android:label
		ADDED from src/main/AndroidManifest.xml:37:9-41
	android:supportsRtl
		ADDED from [com.tuyenmonkey:mkloader:1.2.0] AndroidManifest.xml:14:9-35
	android:hardwareAccelerated
		ADDED from src/main/AndroidManifest.xml:35:9-43
	android:allowBackup
		ADDED from src/main/AndroidManifest.xml:33:9-36
		REJECTED from [com.tuyenmonkey:mkloader:1.2.0] AndroidManifest.xml:12:9-35
	android:icon
		ADDED from src/main/AndroidManifest.xml:36:9-46
	android:largeHeap
		ADDED from src/main/AndroidManifest.xml:39:9-33
	android:theme
		ADDED from src/main/AndroidManifest.xml:38:9-40
	tools:replace
		ADDED from src/main/AndroidManifest.xml:34:9-36
	android:name
		ADDED from src/main/AndroidManifest.xml:32:9-63
activity#com.kabberry.wallet.ui.WalletActivity
ADDED from src/main/AndroidManifest.xml:40:9-49:20
	android:label
		ADDED from src/main/AndroidManifest.xml:42:13-45
	android:windowSoftInputMode
		ADDED from src/main/AndroidManifest.xml:44:13-55
	android:theme
		ADDED from src/main/AndroidManifest.xml:41:13-55
	android:name
		ADDED from src/main/AndroidManifest.xml:43:13-46
activity#com.kabberry.wallet.ui.IntroActivity
ADDED from src/main/AndroidManifest.xml:50:9-53:58
	android:windowSoftInputMode
		ADDED from src/main/AndroidManifest.xml:53:13-55
	android:theme
		ADDED from src/main/AndroidManifest.xml:51:13-55
	android:name
		ADDED from src/main/AndroidManifest.xml:52:13-45
activity#com.kabberry.wallet.ui.AboutActivity
ADDED from src/main/AndroidManifest.xml:54:9-57:58
	android:windowSoftInputMode
		ADDED from src/main/AndroidManifest.xml:57:13-55
	android:theme
		ADDED from src/main/AndroidManifest.xml:55:13-55
	android:name
		ADDED from src/main/AndroidManifest.xml:56:13-45
activity#com.kabberry.wallet.ui.SignTransactionActivity
ADDED from src/main/AndroidManifest.xml:58:9-61:57
	android:windowSoftInputMode
		ADDED from src/main/AndroidManifest.xml:61:13-54
	android:theme
		ADDED from src/main/AndroidManifest.xml:59:13-55
	android:name
		ADDED from src/main/AndroidManifest.xml:60:13-55
activity#com.kabberry.wallet.ui.ScanActivity
ADDED from src/main/AndroidManifest.xml:62:9-68:63
	android:screenOrientation
		ADDED from src/main/AndroidManifest.xml:66:13-49
	android:stateNotNeeded
		ADDED from src/main/AndroidManifest.xml:65:13-42
	android:windowSoftInputMode
		ADDED from src/main/AndroidManifest.xml:68:13-60
	android:configChanges
		ADDED from src/main/AndroidManifest.xml:67:13-72
	android:theme
		ADDED from src/main/AndroidManifest.xml:63:13-55
	android:name
		ADDED from src/main/AndroidManifest.xml:64:13-44
activity#com.kabberry.wallet.ui.TransactionDetailsActivity
ADDED from src/main/AndroidManifest.xml:69:9-72:61
	android:label
		ADDED from src/main/AndroidManifest.xml:71:13-71
	android:theme
		ADDED from src/main/AndroidManifest.xml:70:13-55
	android:name
		ADDED from src/main/AndroidManifest.xml:72:13-58
activity#com.kabberry.wallet.ui.ExchangeRatesActivity
ADDED from src/main/AndroidManifest.xml:73:9-80:20
	android:label
		ADDED from src/main/AndroidManifest.xml:75:13-66
	android:theme
		ADDED from src/main/AndroidManifest.xml:74:13-44
	android:name
		ADDED from src/main/AndroidManifest.xml:76:13-53
meta-data#android.support.PARENT_ACTIVITY
ADDED from src/main/AndroidManifest.xml:77:13-79:54
	android:value
		ADDED from src/main/AndroidManifest.xml:79:17-51
	android:name
		ADDED from src/main/AndroidManifest.xml:78:17-63
activity#com.kabberry.wallet.ui.PreviousAddressesActivity
ADDED from src/main/AndroidManifest.xml:81:9-84:60
	android:label
		ADDED from src/main/AndroidManifest.xml:83:13-70
	android:theme
		ADDED from src/main/AndroidManifest.xml:82:13-55
	android:name
		ADDED from src/main/AndroidManifest.xml:84:13-57
activity#com.kabberry.wallet.ui.SettingsActivity
ADDED from src/main/AndroidManifest.xml:85:9-92:20
	android:label
		ADDED from src/main/AndroidManifest.xml:87:13-60
	android:theme
		ADDED from src/main/AndroidManifest.xml:86:13-44
	android:name
		ADDED from src/main/AndroidManifest.xml:88:13-48
activity#com.kabberry.wallet.ui.ShowSeedActivity
ADDED from src/main/AndroidManifest.xml:93:9-101:20
	android:label
		ADDED from src/main/AndroidManifest.xml:95:13-61
	android:theme
		ADDED from src/main/AndroidManifest.xml:94:13-55
	android:name
		ADDED from src/main/AndroidManifest.xml:96:13-48
activity#com.kabberry.wallet.ui.TradeActivity
ADDED from src/main/AndroidManifest.xml:102:9-109:20
	android:label
		ADDED from src/main/AndroidManifest.xml:104:13-57
	android:theme
		ADDED from src/main/AndroidManifest.xml:103:13-44
	android:name
		ADDED from src/main/AndroidManifest.xml:105:13-45
activity#com.kabberry.wallet.ui.ExchangeHistoryActivity
ADDED from src/main/AndroidManifest.xml:110:9-117:20
	android:label
		ADDED from src/main/AndroidManifest.xml:112:13-68
	android:theme
		ADDED from src/main/AndroidManifest.xml:111:13-44
	android:name
		ADDED from src/main/AndroidManifest.xml:113:13-55
activity#com.kabberry.wallet.ui.TradeStatusActivity
ADDED from src/main/AndroidManifest.xml:118:9-121:54
	android:label
		ADDED from src/main/AndroidManifest.xml:120:13-67
	android:theme
		ADDED from src/main/AndroidManifest.xml:119:13-44
	android:name
		ADDED from src/main/AndroidManifest.xml:121:13-51
activity#com.kabberry.wallet.ui.SignVerifyMessageActivity
ADDED from src/main/AndroidManifest.xml:122:9-125:60
	android:label
		ADDED from src/main/AndroidManifest.xml:124:13-71
	android:theme
		ADDED from src/main/AndroidManifest.xml:123:13-44
	android:name
		ADDED from src/main/AndroidManifest.xml:125:13-57
activity#com.kabberry.wallet.ui.AccountDetailsActivity
ADDED from src/main/AndroidManifest.xml:126:9-129:57
	android:label
		ADDED from src/main/AndroidManifest.xml:128:13-67
	android:theme
		ADDED from src/main/AndroidManifest.xml:127:13-44
	android:name
		ADDED from src/main/AndroidManifest.xml:129:13-54
activity#com.kabberry.wallet.ui.SweepWalletActivity
ADDED from src/main/AndroidManifest.xml:130:9-134:69
	android:label
		ADDED from src/main/AndroidManifest.xml:132:13-64
	android:windowSoftInputMode
		ADDED from src/main/AndroidManifest.xml:134:13-66
	android:theme
		ADDED from src/main/AndroidManifest.xml:131:13-44
	android:name
		ADDED from src/main/AndroidManifest.xml:133:13-51
activity#com.kabberry.wallet.ui.FeesSettingsActivity
ADDED from src/main/AndroidManifest.xml:135:9-142:20
	android:label
		ADDED from src/main/AndroidManifest.xml:137:13-68
	android:theme
		ADDED from src/main/AndroidManifest.xml:136:13-44
	android:name
		ADDED from src/main/AndroidManifest.xml:138:13-52
activity#com.kabberry.wallet.ui.DebuggingActivity
ADDED from src/main/AndroidManifest.xml:143:9-150:20
	android:label
		ADDED from src/main/AndroidManifest.xml:145:13-61
	android:theme
		ADDED from src/main/AndroidManifest.xml:144:13-44
	android:name
		ADDED from src/main/AndroidManifest.xml:146:13-49
activity#com.kabberry.wallet.ui.PinEntryActivity
ADDED from src/main/AndroidManifest.xml:151:9-155:77
	android:label
		ADDED from src/main/AndroidManifest.xml:153:13-45
	android:configChanges
		ADDED from src/main/AndroidManifest.xml:155:13-74
	android:theme
		ADDED from src/main/AndroidManifest.xml:152:13-55
	android:name
		ADDED from src/main/AndroidManifest.xml:154:13-48
category#android.intent.category.HOME
ADDED from src/main/AndroidManifest.xml:156:9-157:59
	android:name
		ADDED from src/main/AndroidManifest.xml:157:13-56
provider#com.kabberry.wallet.ExchangeRatesProvider
ADDED from src/main/AndroidManifest.xml:158:9-161:40
	android:authorities
		ADDED from src/main/AndroidManifest.xml:160:13-76
	android:exported
		ADDED from src/main/AndroidManifest.xml:161:13-37
	android:name
		ADDED from src/main/AndroidManifest.xml:159:13-50
provider#com.kabberry.wallet.AddressBookProvider
ADDED from src/main/AndroidManifest.xml:162:9-165:40
	android:authorities
		ADDED from src/main/AndroidManifest.xml:164:13-74
	android:exported
		ADDED from src/main/AndroidManifest.xml:165:13-37
	android:name
		ADDED from src/main/AndroidManifest.xml:163:13-48
provider#com.kabberry.wallet.ExchangeHistoryProvider
ADDED from src/main/AndroidManifest.xml:166:9-169:40
	android:authorities
		ADDED from src/main/AndroidManifest.xml:168:13-78
	android:exported
		ADDED from src/main/AndroidManifest.xml:169:13-37
	android:name
		ADDED from src/main/AndroidManifest.xml:167:13-52
service#com.kabberry.wallet.service.CoinServiceImpl
ADDED from src/main/AndroidManifest.xml:170:9-172:40
	android:exported
		ADDED from src/main/AndroidManifest.xml:172:13-37
	android:name
		ADDED from src/main/AndroidManifest.xml:171:13-52
activity#com.kabberry.wallet.ui.InfoActivity
ADDED from src/main/AndroidManifest.xml:173:9-181:20
	android:label
		ADDED from src/main/AndroidManifest.xml:175:13-56
	android:theme
		ADDED from src/main/AndroidManifest.xml:174:13-55
	android:name
		ADDED from src/main/AndroidManifest.xml:176:13-44
activity#com.kabberry.wallet.ui.SplashActivity
ADDED from src/main/AndroidManifest.xml:182:9-191:20
	android:screenOrientation
		ADDED from src/main/AndroidManifest.xml:186:13-49
	android:label
		ADDED from src/main/AndroidManifest.xml:185:13-45
	android:theme
		ADDED from src/main/AndroidManifest.xml:184:13-55
	android:name
		ADDED from src/main/AndroidManifest.xml:183:13-46
intent-filter#android.intent.action.MAIN+android.intent.category.LAUNCHER
ADDED from src/main/AndroidManifest.xml:187:13-190:29
action#android.intent.action.MAIN
ADDED from src/main/AndroidManifest.xml:188:17-69
	android:name
		ADDED from src/main/AndroidManifest.xml:188:25-66
category#android.intent.category.LAUNCHER
ADDED from src/main/AndroidManifest.xml:189:17-77
	android:name
		ADDED from src/main/AndroidManifest.xml:189:27-74
activity#org.acra.dialog.CrashReportDialog
ADDED from src/main/AndroidManifest.xml:192:9-198:45
MERGED from [ch.acra:acra:4.8.5] AndroidManifest.xml:40:9-217
	android:excludeFromRecents
		ADDED from src/main/AndroidManifest.xml:196:13-46
	android:launchMode
		ADDED from src/main/AndroidManifest.xml:197:13-48
	android:finishOnTaskLaunch
		ADDED from src/main/AndroidManifest.xml:195:13-46
	android:theme
		ADDED from src/main/AndroidManifest.xml:193:13-56
		REJECTED from [ch.acra:acra:4.8.5] AndroidManifest.xml:40:172-215
	tools:replace
		ADDED from src/main/AndroidManifest.xml:198:13-42
	android:name
		ADDED from src/main/AndroidManifest.xml:194:13-61
service#org.acra.sender.SenderService
ADDED from src/main/AndroidManifest.xml:199:9-202:39
MERGED from [ch.acra:acra:4.8.5] AndroidManifest.xml:42:9-113
	android:process
		ADDED from src/main/AndroidManifest.xml:202:13-36
	android:exported
		ADDED from src/main/AndroidManifest.xml:201:13-37
	android:name
		ADDED from src/main/AndroidManifest.xml:200:13-57
uses-sdk
INJECTED from src/main/AndroidManifest.xml reason: use-sdk injection requested
MERGED from [com.android.support:multidex:1.0.1] AndroidManifest.xml:18:5-42
MERGED from [com.android.support:gridlayout-v7:25.3.0] AndroidManifest.xml:20:5-43
MERGED from [com.android.support:design:25.3.0] AndroidManifest.xml:21:5-23:62
MERGED from [com.android.support:recyclerview-v7:25.3.0] AndroidManifest.xml:20:5-43
MERGED from [com.android.support:transition:25.3.0] AndroidManifest.xml:20:5-44
MERGED from [com.github.medyo:fancybuttons:1.8.4] AndroidManifest.xml:7:5-9:41
MERGED from [ch.acra:acra:4.8.5] AndroidManifest.xml:37:5-72
MERGED from [com.zhy:flowlayout-lib:1.0.3] AndroidManifest.xml:8:5-10:41
MERGED from [com.baoyz.pullrefreshlayout:library:1.2.0] AndroidManifest.xml:7:5-9:41
MERGED from [com.tuyenmonkey:mkloader:1.2.0] AndroidManifest.xml:7:5-9:41
MERGED from [com.android.support:appcompat-v7:25.3.0] AndroidManifest.xml:21:5-23:78
MERGED from [com.android.support:support-v4:25.3.0] AndroidManifest.xml:21:5-23:54
MERGED from [com.android.support:support-fragment:25.3.0] AndroidManifest.xml:21:5-23:60
MERGED from [com.android.support:support-media-compat:25.3.0] AndroidManifest.xml:21:5-23:63
MERGED from [com.android.support:support-core-ui:25.3.0] AndroidManifest.xml:21:5-23:58
MERGED from [com.android.support:support-core-utils:25.3.0] AndroidManifest.xml:21:5-23:61
MERGED from [com.android.support:animated-vector-drawable:25.3.0] AndroidManifest.xml:20:5-44
MERGED from [com.android.support:support-vector-drawable:25.3.0] AndroidManifest.xml:20:5-43
MERGED from [com.android.support:support-compat:25.3.0] AndroidManifest.xml:21:5-23:58
	tools:overrideLibrary
		ADDED from [com.android.support:design:25.3.0] AndroidManifest.xml:23:9-59
	android:targetSdkVersion
		INJECTED from src/main/AndroidManifest.xml
		INJECTED from src/main/AndroidManifest.xml
	android:minSdkVersion
		INJECTED from src/main/AndroidManifest.xml
		INJECTED from src/main/AndroidManifest.xml
meta-data#android.support.VERSION
ADDED from [com.android.support:gridlayout-v7:25.3.0] AndroidManifest.xml:22:5-24:34
MERGED from [com.android.support:design:25.3.0] AndroidManifest.xml:25:5-27:34
MERGED from [com.android.support:recyclerview-v7:25.3.0] AndroidManifest.xml:22:5-24:34
MERGED from [com.android.support:transition:25.3.0] AndroidManifest.xml:22:5-24:34
MERGED from [com.android.support:appcompat-v7:25.3.0] AndroidManifest.xml:25:5-27:34
MERGED from [com.android.support:support-v4:25.3.0] AndroidManifest.xml:25:5-27:34
MERGED from [com.android.support:support-fragment:25.3.0] AndroidManifest.xml:25:5-27:34
MERGED from [com.android.support:support-media-compat:25.3.0] AndroidManifest.xml:25:5-27:34
MERGED from [com.android.support:support-core-ui:25.3.0] AndroidManifest.xml:25:5-27:34
MERGED from [com.android.support:support-core-utils:25.3.0] AndroidManifest.xml:25:5-27:34
MERGED from [com.android.support:animated-vector-drawable:25.3.0] AndroidManifest.xml:22:5-24:34
MERGED from [com.android.support:support-vector-drawable:25.3.0] AndroidManifest.xml:22:5-24:34
MERGED from [com.android.support:support-compat:25.3.0] AndroidManifest.xml:25:5-27:34
	android:value
		ADDED from [com.android.support:gridlayout-v7:25.3.0] AndroidManifest.xml:24:9-31
	android:name
		ADDED from [com.android.support:gridlayout-v7:25.3.0] AndroidManifest.xml:23:9-47